<?xml version="1.0" encoding="UTF-8"?>
<!-- Generated by org.testng.reporters.JUnitReportReporter -->
<testsuite hostname="LPFKOL015150" failures="0" tests="1" name="ExplorePlaywright.NaukriResumeUpdate" time="16.041" errors="0" timestamp="2025-02-28T11:25:25 IST" skipped="0">
  <testcase classname="ExplorePlaywright.NaukriResumeUpdate" name="uploadResume" time="16.041"/>
</testsuite> <!-- ExplorePlaywright.NaukriResumeUpdate -->
