<?xml version="1.0" encoding="UTF-8"?>
<!-- Generated by org.testng.reporters.JUnitReportReporter -->
<testsuite hostname="LPFKOL015150" failures="0" tests="2" name="ExplorePlaywright.firstClassPW" time="42.419" errors="0" timestamp="2025-02-12T11:58:32 IST" skipped="0">
  <testcase classname="ExplorePlaywright.firstClassPW" name="loginLogoutTest" time="13.314"/>
  <testcase classname="ExplorePlaywright.firstClassPW" name="createSegmentTest" time="29.105"/>
</testsuite> <!-- ExplorePlaywright.firstClassPW -->
