<?xml version="1.0" encoding="UTF-8"?>
<!-- Generated by org.testng.reporters.JUnitReportReporter -->
<testsuite hostname="LPFKOL015150" failures="0" tests="1" name="ExplorePlaywright.HandleMultipleWindow" time="9.779" errors="0" timestamp="2025-01-31T13:15:51 IST" skipped="0">
  <testcase classname="ExplorePlaywright.HandleMultipleWindow" name="multipleWindow" time="9.779"/>
</testsuite> <!-- ExplorePlaywright.HandleMultipleWindow -->
