<?xml version="1.0" encoding="UTF-8"?>
<!-- Generated by org.testng.reporters.JUnitReportReporter -->
<testsuite hostname="LPFKOL015150" failures="0" tests="1" name="ExplorePlaywright.DownloadFilePlaywright" time="7.005" errors="0" timestamp="2025-01-31T12:43:50 IST" skipped="0">
  <testcase classname="ExplorePlaywright.DownloadFilePlaywright" name="downloadFileSVG" time="7.005"/>
</testsuite> <!-- ExplorePlaywright.DownloadFilePlaywright -->
