<?xml version="1.0" encoding="UTF-8"?>
<!-- Generated by org.testng.reporters.JUnitReportReporter -->
<testsuite hostname="LPFKOL015150" failures="0" tests="1" name="ExplorePlaywright.HandleAlertPlaywright" time="7.428" errors="0" timestamp="2025-01-27T17:52:41 IST" skipped="0">
  <testcase classname="ExplorePlaywright.HandleAlertPlaywright" name="handleAlert" time="7.428"/>
</testsuite> <!-- ExplorePlaywright.HandleAlertPlaywright -->
