<?xml version="1.0" encoding="UTF-8"?>
<!-- Generated by org.testng.reporters.JUnitReportReporter -->
<testsuite hostname="LPFKOL015150" failures="0" tests="1" name="ExplorePlaywright.PWsecondTest" time="9.065" errors="0" timestamp="2025-01-13T20:56:08 IST" skipped="0">
  <testcase classname="ExplorePlaywright.PWsecondTest" name="test1" time="9.065"/>
</testsuite> <!-- ExplorePlaywright.PWsecondTest -->
