<?xml version="1.0" encoding="UTF-8"?>
<!-- Generated by org.testng.reporters.JUnitReportReporter -->
<testsuite hostname="LPFKOL015150" failures="0" tests="1" name="ExplorePlaywright.HandleWebTable" time="8.197" errors="0" timestamp="2025-01-28T10:47:59 IST" skipped="0">
  <testcase classname="ExplorePlaywright.HandleWebTable" name="handleWebTable" time="8.197"/>
</testsuite> <!-- ExplorePlaywright.HandleWebTable -->
