<?xml version="1.0" encoding="UTF-8"?>
<!-- Generated by org.testng.reporters.JUnitReportReporter -->
<testsuite hostname="LPFKOL015150" failures="0" tests="1" name="ExplorePlaywright.PWsecondTest" time="6.368" errors="0" timestamp="2025-01-25T20:22:59 IST" skipped="0">
  <testcase classname="ExplorePlaywright.PWsecondTest" name="crossBrowserTesting" time="6.368"/>
</testsuite> <!-- ExplorePlaywright.PWsecondTest -->
